[debug] [2022-11-27T16:13:46.435Z] ----------------------------------------------------------------------
[debug] [2022-11-27T16:13:46.437Z] Command:       C:\Program Files\nodejs\node.exe C:\Users\HP\AppData\Roaming\npm\node_modules\firebase-tools\lib\bin\firebase.js init
[debug] [2022-11-27T16:13:46.438Z] CLI Version:   11.15.0
[debug] [2022-11-27T16:13:46.438Z] Platform:      win32
[debug] [2022-11-27T16:13:46.438Z] Node Version:  v16.15.1
[debug] [2022-11-27T16:13:46.439Z] Time:          Sun Nov 27 2022 22:13:46 GMT+0600 (Bangladesh Standard Time)
[debug] [2022-11-27T16:13:46.439Z] ----------------------------------------------------------------------
[debug] 
[debug] [2022-11-27T16:13:46.448Z] > command requires scopes: ["email","openid","https://www.googleapis.com/auth/cloudplatformprojects.readonly","https://www.googleapis.com/auth/firebase","https://www.googleapis.com/auth/cloud-platform"]
[debug] [2022-11-27T16:13:46.449Z] > authorizing via signed-in user (baidyanathkumar12091998@gmail.com)
[info] 
     ######## #### ########  ######## ########     ###     ######  ########
     ##        ##  ##     ## ##       ##     ##  ##   ##  ##       ##
     ######    ##  ########  ######   ########  #########  ######  ######
     ##        ##  ##    ##  ##       ##     ## ##     ##       ## ##
     ##       #### ##     ## ######## ########  ##     ##  ######  ########

You're about to initialize a Firebase project in this directory:

  D:\ProgrammingHero-project\Backend\assignment-12\ass-12-client

[info] 
=== Project Setup
[info] 
[info] First, let's associate this project directory with a Firebase project.
[info] You can create multiple project aliases by running firebase use --add, 
[info] but for now we'll just set up a default project.
[info] 
[debug] [2022-11-27T16:14:04.166Z] >>> [apiv2][query] GET https://firebase.googleapis.com/v1beta1/projects pageSize=100
[debug] [2022-11-27T16:14:05.271Z] <<< [apiv2][status] GET https://firebase.googleapis.com/v1beta1/projects 200
[debug] [2022-11-27T16:14:05.271Z] <<< [apiv2][body] GET https://firebase.googleapis.com/v1beta1/projects [omitted]
